<?xml version="1.0" encoding="UTF-8"?>
<!-- Generated by org.testng.reporters.JUnitXMLReporter -->
<testsuite ignored="9" hostname="DESKTOP-R4IOO2V" failures="1" tests="1" name="Default test" time="15.457" errors="0" timestamp="2023-10-21T20:41:09 IST">
  <testcase classname="com.pom.test.HomePageTest" name="verifySearchResultOfLampBYPrice" time="6.312">
    <failure type="java.lang.AssertionError" message="expected [true] but found [false]">
      <![CDATA[java.lang.AssertionError: expected [true] but found [false]
at org.testng.Assert.fail(Assert.java:111)
at org.testng.Assert.failNotEquals(Assert.java:1578)
at org.testng.Assert.assertTrue(Assert.java:57)
at org.testng.Assert.assertTrue(Assert.java:67)
at com.pom.test.HomePageTest.verifySearchResultOfLampBYPrice(HomePageTest.java:149)
at java.base/jdk.internal.reflect.NativeMethodAccessorImpl.invoke0(Native Method)
at java.base/jdk.internal.reflect.NativeMethodAccessorImpl.invoke(NativeMethodAccessorImpl.java:77)
at java.base/jdk.internal.reflect.DelegatingMethodAccessorImpl.invoke(DelegatingMethodAccessorImpl.java:43)
at java.base/java.lang.reflect.Method.invoke(Method.java:568)
at org.testng.internal.invokers.MethodInvocationHelper.invokeMethod(MethodInvocationHelper.java:139)
at org.testng.internal.invokers.TestInvoker.invokeMethod(TestInvoker.java:664)
at org.testng.internal.invokers.TestInvoker.invokeTestMethod(TestInvoker.java:227)
at org.testng.internal.invokers.MethodRunner.runInSequence(MethodRunner.java:50)
at org.testng.internal.invokers.TestInvoker$MethodInvocationAgent.invoke(TestInvoker.java:957)
at org.testng.internal.invokers.TestInvoker.invokeTestMethods(TestInvoker.java:200)
at org.testng.internal.invokers.TestMethodWorker.invokeTestMethods(TestMethodWorker.java:148)
at org.testng.internal.invokers.TestMethodWorker.run(TestMethodWorker.java:128)
at java.base/java.util.ArrayList.forEach(ArrayList.java:1511)
at org.testng.TestRunner.privateRun(TestRunner.java:848)
at org.testng.TestRunner.run(TestRunner.java:621)
at org.testng.SuiteRunner.runTest(SuiteRunner.java:443)
at org.testng.SuiteRunner.runSequentially(SuiteRunner.java:437)
at org.testng.SuiteRunner.privateRun(SuiteRunner.java:397)
at org.testng.SuiteRunner.run(SuiteRunner.java:336)
at org.testng.SuiteRunnerWorker.runSuite(SuiteRunnerWorker.java:52)
at org.testng.SuiteRunnerWorker.run(SuiteRunnerWorker.java:95)
at org.testng.TestNG.runSuitesSequentially(TestNG.java:1280)
at org.testng.TestNG.runSuitesLocally(TestNG.java:1200)
at org.testng.TestNG.runSuites(TestNG.java:1114)
at org.testng.TestNG.run(TestNG.java:1082)
at org.testng.remote.AbstractRemoteTestNG.run(AbstractRemoteTestNG.java:115)
at org.testng.remote.RemoteTestNG.initAndRun(RemoteTestNG.java:251)
at org.testng.remote.RemoteTestNG.main(RemoteTestNG.java:77)
]]>
    </failure>
  </testcase> <!-- verifySearchResultOfLampBYPrice -->
  <testcase classname="com.pom.test.HomePageTest" name="ToVerifyWishListItemList" time="0.0">
    <ignored/>
  </testcase> <!-- ToVerifyWishListItemList -->
  <testcase classname="com.pom.test.HomePageTest" name="toVerifyKidsWearResultPages" time="0.0">
    <ignored/>
  </testcase> <!-- toVerifyKidsWearResultPages -->
  <testcase classname="com.pom.test.HomePageTest" name="verifySearchResultOfComboItems" time="0.0">
    <ignored/>
  </testcase> <!-- verifySearchResultOfComboItems -->
  <testcase classname="com.pom.test.HomePageTest" name="verifySearchResultOfWomensRingByItsBrand" time="0.0">
    <ignored/>
  </testcase> <!-- verifySearchResultOfWomensRingByItsBrand -->
  <testcase classname="com.pom.test.HomePageTest" name="verifySearchResultOfKidsRedColorTshirt" time="0.0">
    <ignored/>
  </testcase> <!-- verifySearchResultOfKidsRedColorTshirt -->
  <testcase classname="com.pom.test.HomePageTest" name="verifyResultOnSearchMensTshirts" time="0.0">
    <ignored/>
  </testcase> <!-- verifyResultOnSearchMensTshirts -->
  <testcase classname="com.pom.test.HomePageTest" name="verifySearchResultFromHomeAndLiving" time="0.0">
    <ignored/>
  </testcase> <!-- verifySearchResultFromHomeAndLiving -->
  <testcase classname="com.pom.test.HomePageTest" name="verifyListOfBeautyProducts" time="0.0">
    <ignored/>
  </testcase> <!-- verifyListOfBeautyProducts -->
  <testcase classname="com.pom.test.HomePageTest" name="verifySearchResultOnSearchingHat" time="0.0">
    <ignored/>
  </testcase> <!-- verifySearchResultOnSearchingHat -->
</testsuite> <!-- Default test -->
